{"level":"info","message":"Hello from Acquisitions!","service":"acquisitions-api"}
{"level":"info","message":"::1 - - [03/Oct/2025:13:38:04 +0000] \"GET / HTTP/1.1\" 304 - \"-\" \"Mozilla/5.0 (Windows NT 10.0; Win64; x64) AppleWebKit/537.36 (KHTML, like Gecko) Chrome/140.0.0.0 Safari/537.36\"","service":"acquisitions-api"}
{"level":"info","message":"::1 - - [03/Oct/2025:15:52:33 +0000] \"GET /api HTTP/1.1\" 100 42 \"-\" \"Mozilla/5.0 (Windows NT 10.0; Win64; x64) AppleWebKit/537.36 (KHTML, like Gecko) Chrome/140.0.0.0 Safari/537.36\"","service":"acquisitions-api"}
{"level":"info","message":"::1 - - [03/Oct/2025:15:52:40 +0000] \"GET /api HTTP/1.1\" 100 42 \"-\" \"Mozilla/5.0 (Windows NT 10.0; Win64; x64) AppleWebKit/537.36 (KHTML, like Gecko) Chrome/140.0.0.0 Safari/537.36\"","service":"acquisitions-api"}
{"level":"info","message":"Hello from Acquisitions!","service":"acquisitions-api"}
{"level":"info","message":"::1 - - [03/Oct/2025:15:52:48 +0000] \"GET / HTTP/1.1\" 304 - \"-\" \"Mozilla/5.0 (Windows NT 10.0; Win64; x64) AppleWebKit/537.36 (KHTML, like Gecko) Chrome/140.0.0.0 Safari/537.36\"","service":"acquisitions-api"}
{"level":"info","message":"::1 - - [03/Oct/2025:15:54:34 +0000] \"GET /api HTTP/1.1\" 100 42 \"-\" \"PostmanRuntime/7.46.0\"","service":"acquisitions-api"}
{"level":"info","message":"::1 - - [03/Oct/2025:15:54:42 +0000] \"GET /api HTTP/1.1\" 100 42 \"-\" \"PostmanRuntime/7.46.0\"","service":"acquisitions-api"}
{"level":"info","message":"Hello from Acquisitions!","service":"acquisitions-api"}
{"level":"info","message":"::1 - - [03/Oct/2025:15:54:52 +0000] \"GET / HTTP/1.1\" 200 28 \"-\" \"PostmanRuntime/7.46.0\"","service":"acquisitions-api"}
{"level":"info","message":"Hello from Acquisitions!","service":"acquisitions-api"}
{"level":"info","message":"::1 - - [03/Oct/2025:15:54:57 +0000] \"GET / HTTP/1.1\" 200 28 \"-\" \"PostmanRuntime/7.46.0\"","service":"acquisitions-api"}
{"level":"info","message":"Hello from Acquisitions!","service":"acquisitions-api"}
{"level":"info","message":"::1 - - [03/Oct/2025:15:55:42 +0000] \"GET / HTTP/1.1\" 200 28 \"-\" \"PostmanRuntime/7.46.0\"","service":"acquisitions-api"}
{"level":"info","message":"::1 - - [03/Oct/2025:15:55:55 +0000] \"GET /api HTTP/1.1\" 100 42 \"-\" \"PostmanRuntime/7.46.0\"","service":"acquisitions-api"}
{"level":"info","message":"::1 - - [03/Oct/2025:15:56:33 +0000] \"GET /api HTTP/1.1\" 200 42 \"-\" \"PostmanRuntime/7.46.0\"","service":"acquisitions-api"}
{"level":"info","message":"::1 - - [03/Oct/2025:15:56:57 +0000] \"GET /health HTTP/1.1\" 200 74 \"-\" \"PostmanRuntime/7.46.0\"","service":"acquisitions-api"}
{"level":"info","message":"::1 - - [03/Oct/2025:15:57:13 +0000] \"GET /health HTTP/1.1\" 200 74 \"-\" \"PostmanRuntime/7.46.0\"","service":"acquisitions-api"}
{"level":"info","message":"::1 - - [06/Oct/2025:08:39:07 +0000] \"GET /sign-up HTTP/1.1\" 404 146 \"-\" \"PostmanRuntime/7.48.0\"","service":"acquisitions-api"}
{"level":"info","message":"::1 - - [06/Oct/2025:08:39:34 +0000] \"POST /sign-up HTTP/1.1\" 404 147 \"-\" \"PostmanRuntime/7.48.0\"","service":"acquisitions-api"}
{"level":"info","message":"::1 - - [06/Oct/2025:08:39:48 +0000] \"POST /sign-up HTTP/1.1\" 404 147 \"-\" \"PostmanRuntime/7.48.0\"","service":"acquisitions-api"}
{"level":"info","message":"::1 - - [06/Oct/2025:08:39:57 +0000] \"POST /sign-up HTTP/1.1\" 404 147 \"-\" \"PostmanRuntime/7.48.0\"","service":"acquisitions-api"}
{"level":"info","message":"::1 - - [06/Oct/2025:08:40:21 +0000] \"POST /sign-up HTTP/1.1\" 404 147 \"-\" \"PostmanRuntime/7.48.0\"","service":"acquisitions-api"}
{"level":"info","message":"::1 - - [06/Oct/2025:08:40:25 +0000] \"POST /heath HTTP/1.1\" 404 145 \"-\" \"PostmanRuntime/7.48.0\"","service":"acquisitions-api"}
{"level":"info","message":"::1 - - [06/Oct/2025:08:40:29 +0000] \"GET /heath HTTP/1.1\" 404 144 \"-\" \"PostmanRuntime/7.48.0\"","service":"acquisitions-api"}
{"level":"info","message":"::1 - - [06/Oct/2025:08:40:31 +0000] \"GET /heath HTTP/1.1\" 404 144 \"-\" \"PostmanRuntime/7.48.0\"","service":"acquisitions-api"}
{"level":"info","message":"::1 - - [06/Oct/2025:08:40:51 +0000] \"GET /heath HTTP/1.1\" 404 144 \"-\" \"PostmanRuntime/7.48.0\"","service":"acquisitions-api"}
{"level":"info","message":"::1 - - [06/Oct/2025:08:40:55 +0000] \"GET /health HTTP/1.1\" 200 74 \"-\" \"PostmanRuntime/7.48.0\"","service":"acquisitions-api"}
{"level":"info","message":"::1 - - [06/Oct/2025:08:41:05 +0000] \"GET /sign-up HTTP/1.1\" 404 146 \"-\" \"PostmanRuntime/7.48.0\"","service":"acquisitions-api"}
{"level":"info","message":"::1 - - [06/Oct/2025:08:41:09 +0000] \"POST /sign-up HTTP/1.1\" 404 147 \"-\" \"PostmanRuntime/7.48.0\"","service":"acquisitions-api"}
{"level":"info","message":"::1 - - [06/Oct/2025:08:41:21 +0000] \"POST /sign-up HTTP/1.1\" 404 147 \"-\" \"PostmanRuntime/7.48.0\"","service":"acquisitions-api"}
{"level":"info","message":"::1 - - [06/Oct/2025:08:41:35 +0000] \"POST /signup HTTP/1.1\" 404 146 \"-\" \"PostmanRuntime/7.48.0\"","service":"acquisitions-api"}
{"level":"info","message":"::1 - - [06/Oct/2025:08:41:37 +0000] \"POST /signup HTTP/1.1\" 404 146 \"-\" \"PostmanRuntime/7.48.0\"","service":"acquisitions-api"}
{"level":"info","message":"::1 - - [06/Oct/2025:08:41:41 +0000] \"POST /signup HTTP/1.1\" 404 146 \"-\" \"PostmanRuntime/7.48.0\"","service":"acquisitions-api"}
{"level":"info","message":"Hello from Acquisitions!","service":"acquisitions-api"}
{"level":"info","message":"::1 - - [06/Oct/2025:08:42:08 +0000] \"GET / HTTP/1.1\" 304 - \"-\" \"Mozilla/5.0 (Windows NT 10.0; Win64; x64) AppleWebKit/537.36 (KHTML, like Gecko) Chrome/140.0.0.0 Safari/537.36\"","service":"acquisitions-api"}
{"level":"info","message":"::1 - - [06/Oct/2025:08:42:08 +0000] \"GET /favicon.ico HTTP/1.1\" 404 150 \"-\" \"Mozilla/5.0 (Windows NT 10.0; Win64; x64) AppleWebKit/537.36 (KHTML, like Gecko) Chrome/140.0.0.0 Safari/537.36\"","service":"acquisitions-api"}
{"level":"info","message":"Hello from Acquisitions!","service":"acquisitions-api"}
{"level":"info","message":"::1 - - [06/Oct/2025:08:42:33 +0000] \"GET / HTTP/1.1\" 304 - \"-\" \"Mozilla/5.0 (Windows NT 10.0; Win64; x64) AppleWebKit/537.36 (KHTML, like Gecko) Chrome/140.0.0.0 Safari/537.36\"","service":"acquisitions-api"}
{"level":"info","message":"Hello from Acquisitions!","service":"acquisitions-api"}
{"level":"info","message":"::1 - - [06/Oct/2025:08:42:38 +0000] \"GET / HTTP/1.1\" 304 - \"-\" \"Mozilla/5.0 (Windows NT 10.0; Win64; x64) AppleWebKit/537.36 (KHTML, like Gecko) Chrome/140.0.0.0 Safari/537.36\"","service":"acquisitions-api"}
{"level":"info","message":"::1 - - [06/Oct/2025:08:42:56 +0000] \"POST /sign-up HTTP/1.1\" 404 147 \"-\" \"PostmanRuntime/7.48.0\"","service":"acquisitions-api"}
{"level":"info","message":"::1 - - [06/Oct/2025:08:43:05 +0000] \"POST /sign-up HTTP/1.1\" 404 147 \"-\" \"PostmanRuntime/7.48.0\"","service":"acquisitions-api"}
{"level":"info","message":"::1 - - [06/Oct/2025:08:43:10 +0000] \"GET /sign-up HTTP/1.1\" 404 146 \"-\" \"PostmanRuntime/7.48.0\"","service":"acquisitions-api"}
{"level":"info","message":"::1 - - [06/Oct/2025:08:43:15 +0000] \"POST /sign-up HTTP/1.1\" 404 147 \"-\" \"PostmanRuntime/7.48.0\"","service":"acquisitions-api"}
{"level":"info","message":"::1 - - [06/Oct/2025:08:47:13 +0000] \"POST /sign-up HTTP/1.1\" 404 147 \"-\" \"PostmanRuntime/7.48.0\"","service":"acquisitions-api"}
{"level":"info","message":"::1 - - [06/Oct/2025:08:47:27 +0000] \"POST /sign-up HTTP/1.1\" 404 147 \"-\" \"PostmanRuntime/7.48.0\"","service":"acquisitions-api"}
{"level":"info","message":"::1 - - [06/Oct/2025:08:48:17 +0000] \"POST /api/auth/sign-up HTTP/1.1\" 200 31 \"-\" \"PostmanRuntime/7.48.0\"","service":"acquisitions-api"}
{"level":"info","message":"::1 - - [06/Oct/2025:08:51:16 +0000] \"POST /api/auth/sign-up HTTP/1.1\" 400 92 \"-\" \"PostmanRuntime/7.48.0\"","service":"acquisitions-api"}
{"level":"info","message":"::1 - - [06/Oct/2025:08:51:48 +0000] \"POST /api/auth/sign-up HTTP/1.1\" 400 92 \"-\" \"PostmanRuntime/7.48.0\"","service":"acquisitions-api"}
{"level":"info","message":"::1 - - [06/Oct/2025:08:53:37 +0000] \"POST /api/auth/sign-up HTTP/1.1\" 400 92 \"-\" \"PostmanRuntime/7.48.0\"","service":"acquisitions-api"}
{"level":"info","message":"::1 - - [06/Oct/2025:08:53:42 +0000] \"POST /api/auth/sign-up HTTP/1.1\" 400 92 \"-\" \"PostmanRuntime/7.48.0\"","service":"acquisitions-api"}
{"level":"info","message":"::1 - - [06/Oct/2025:08:53:52 +0000] \"POST /api/auth/sign-up HTTP/1.1\" 400 92 \"-\" \"PostmanRuntime/7.48.0\"","service":"acquisitions-api"}
{"level":"info","message":"::1 - - [06/Oct/2025:08:54:11 +0000] \"POST /api/auth/sign-up HTTP/1.1\" 400 92 \"-\" \"PostmanRuntime/7.48.0\"","service":"acquisitions-api"}
{"level":"info","message":"::1 - - [06/Oct/2025:08:54:35 +0000] \"POST /api/auth/sign-up HTTP/1.1\" 400 92 \"-\" \"PostmanRuntime/7.48.0\"","service":"acquisitions-api"}
{"level":"info","message":"::1 - - [06/Oct/2025:08:55:04 +0000] \"POST /api/auth/sign-up HTTP/1.1\" 400 92 \"-\" \"PostmanRuntime/7.48.0\"","service":"acquisitions-api"}
{"level":"info","message":"User registered succesfully, abuchipraise@gmail.com","service":"acquisitions-api"}
{"level":"info","message":"::1 - - [06/Oct/2025:08:55:11 +0000] \"POST /api/auth/sign-up HTTP/1.1\" 201 116 \"-\" \"PostmanRuntime/7.48.0\"","service":"acquisitions-api"}
{"cause":{"code":"23502","column":"password","detail":"Failing row contains (1, Praise Ezeofor, abuchipraise@gmail.com, null, admin, 2025-10-06 09:17:24.856443, 2025-10-06 09:17:24.856443).","file":"execMain.c","line":"1997","name":"NeonDbError","routine":"ExecConstraints","schema":"public","severity":"ERROR","table":"users"},"level":"error","message":"Error creating user: Failed query: insert into \"users\" (\"id\", \"name\", \"email\", \"password\", \"role\", \"created_at\", \"updated_at\") values (default, $1, $2, default, $3, default, default) returning \"id\", \"name\", \"email\", \"role\", \"created_at\"\nparams: Praise Ezeofor,abuchipraise@gmail.com,admin","params":["Praise Ezeofor","abuchipraise@gmail.com","admin"],"query":"insert into \"users\" (\"id\", \"name\", \"email\", \"password\", \"role\", \"created_at\", \"updated_at\") values (default, $1, $2, default, $3, default, default) returning \"id\", \"name\", \"email\", \"role\", \"created_at\"","service":"acquisitions-api","stack":"Error: Failed query: insert into \"users\" (\"id\", \"name\", \"email\", \"password\", \"role\", \"created_at\", \"updated_at\") values (default, $1, $2, default, $3, default, default) returning \"id\", \"name\", \"email\", \"role\", \"created_at\"\nparams: Praise Ezeofor,abuchipraise@gmail.com,admin\n    at NeonHttpPreparedQuery.queryWithCache (file:///C:/Users/Dell/Documents/Programming/JS%20Mastery/acquisitions/node_modules/drizzle-orm/pg-core/session.js:41:15)\n    at process.processTicksAndRejections (node:internal/process/task_queues:105:5)\n    at async NeonHttpPreparedQuery.execute (file:///C:/Users/Dell/Documents/Programming/JS%20Mastery/acquisitions/node_modules/drizzle-orm/neon-http/session.js:45:20)\n    at async createUser (file:///C:/Users/Dell/Documents/Programming/JS%20Mastery/acquisitions/src/services/auth.service.js:28:23)\n    at async signUp (file:///C:/Users/Dell/Documents/Programming/JS%20Mastery/acquisitions/src/controllers/auth.controller.js:21:18)"}
{"cause":{"code":"23502","column":"password","detail":"Failing row contains (1, Praise Ezeofor, abuchipraise@gmail.com, null, admin, 2025-10-06 09:17:24.856443, 2025-10-06 09:17:24.856443).","file":"execMain.c","line":"1997","name":"NeonDbError","routine":"ExecConstraints","schema":"public","severity":"ERROR","table":"users"},"level":"error","message":"signup error Failed query: insert into \"users\" (\"id\", \"name\", \"email\", \"password\", \"role\", \"created_at\", \"updated_at\") values (default, $1, $2, default, $3, default, default) returning \"id\", \"name\", \"email\", \"role\", \"created_at\"\nparams: Praise Ezeofor,abuchipraise@gmail.com,admin","params":["Praise Ezeofor","abuchipraise@gmail.com","admin"],"query":"insert into \"users\" (\"id\", \"name\", \"email\", \"password\", \"role\", \"created_at\", \"updated_at\") values (default, $1, $2, default, $3, default, default) returning \"id\", \"name\", \"email\", \"role\", \"created_at\"","service":"acquisitions-api","stack":"Error: Failed query: insert into \"users\" (\"id\", \"name\", \"email\", \"password\", \"role\", \"created_at\", \"updated_at\") values (default, $1, $2, default, $3, default, default) returning \"id\", \"name\", \"email\", \"role\", \"created_at\"\nparams: Praise Ezeofor,abuchipraise@gmail.com,admin\n    at NeonHttpPreparedQuery.queryWithCache (file:///C:/Users/Dell/Documents/Programming/JS%20Mastery/acquisitions/node_modules/drizzle-orm/pg-core/session.js:41:15)\n    at process.processTicksAndRejections (node:internal/process/task_queues:105:5)\n    at async NeonHttpPreparedQuery.execute (file:///C:/Users/Dell/Documents/Programming/JS%20Mastery/acquisitions/node_modules/drizzle-orm/neon-http/session.js:45:20)\n    at async createUser (file:///C:/Users/Dell/Documents/Programming/JS%20Mastery/acquisitions/src/services/auth.service.js:28:23)\n    at async signUp (file:///C:/Users/Dell/Documents/Programming/JS%20Mastery/acquisitions/src/controllers/auth.controller.js:21:18)"}
{"level":"info","message":"::1 - - [06/Oct/2025:09:17:21 +0000] \"POST /api/auth/sign-up HTTP/1.1\" 500 1279 \"-\" \"PostmanRuntime/7.48.0\"","service":"acquisitions-api"}
{"level":"info","message":"User abuchipraise@gmail.com created successfully","service":"acquisitions-api"}
{"level":"info","message":"User registered succesfully, abuchipraise@gmail.com","service":"acquisitions-api"}
{"level":"info","message":"::1 - - [06/Oct/2025:09:19:57 +0000] \"POST /api/auth/sign-up HTTP/1.1\" 201 117 \"-\" \"PostmanRuntime/7.48.0\"","service":"acquisitions-api"}
{"cause":{"name":"NeonDbError","sourceError":{}},"level":"error","message":"Error authenticating user: Failed query: select \"id\", \"name\", \"email\", \"password\", \"role\", \"created_at\", \"updated_at\" from \"users\" where \"users\".\"email\" = $1 limit $2\nparams: abuchipraise@gmail.com,1","params":["abuchipraise@gmail.com",1],"query":"select \"id\", \"name\", \"email\", \"password\", \"role\", \"created_at\", \"updated_at\" from \"users\" where \"users\".\"email\" = $1 limit $2","service":"acquisitions-api","stack":"Error: Failed query: select \"id\", \"name\", \"email\", \"password\", \"role\", \"created_at\", \"updated_at\" from \"users\" where \"users\".\"email\" = $1 limit $2\nparams: abuchipraise@gmail.com,1\n    at NeonHttpPreparedQuery.queryWithCache (file:///C:/Users/Dell/Documents/Programming/JS%20Mastery/acquisitions/node_modules/drizzle-orm/pg-core/session.js:41:15)\n    at process.processTicksAndRejections (node:internal/process/task_queues:105:5)\n    at async NeonHttpPreparedQuery.execute (file:///C:/Users/Dell/Documents/Programming/JS%20Mastery/acquisitions/node_modules/drizzle-orm/neon-http/session.js:45:20)\n    at async authenticateUser (file:///C:/Users/Dell/Documents/Programming/JS%20Mastery/acquisitions/src/services/auth.service.js:27:28)\n    at async signIn (file:///C:/Users/Dell/Documents/Programming/JS%20Mastery/acquisitions/src/controllers/auth.controller.js:65:18)"}
{"cause":{"name":"NeonDbError","sourceError":{}},"level":"error","message":"signin error Failed query: select \"id\", \"name\", \"email\", \"password\", \"role\", \"created_at\", \"updated_at\" from \"users\" where \"users\".\"email\" = $1 limit $2\nparams: abuchipraise@gmail.com,1","params":["abuchipraise@gmail.com",1],"query":"select \"id\", \"name\", \"email\", \"password\", \"role\", \"created_at\", \"updated_at\" from \"users\" where \"users\".\"email\" = $1 limit $2","service":"acquisitions-api","stack":"Error: Failed query: select \"id\", \"name\", \"email\", \"password\", \"role\", \"created_at\", \"updated_at\" from \"users\" where \"users\".\"email\" = $1 limit $2\nparams: abuchipraise@gmail.com,1\n    at NeonHttpPreparedQuery.queryWithCache (file:///C:/Users/Dell/Documents/Programming/JS%20Mastery/acquisitions/node_modules/drizzle-orm/pg-core/session.js:41:15)\n    at process.processTicksAndRejections (node:internal/process/task_queues:105:5)\n    at async NeonHttpPreparedQuery.execute (file:///C:/Users/Dell/Documents/Programming/JS%20Mastery/acquisitions/node_modules/drizzle-orm/neon-http/session.js:45:20)\n    at async authenticateUser (file:///C:/Users/Dell/Documents/Programming/JS%20Mastery/acquisitions/src/services/auth.service.js:27:28)\n    at async signIn (file:///C:/Users/Dell/Documents/Programming/JS%20Mastery/acquisitions/src/controllers/auth.controller.js:65:18)"}
{"level":"info","message":"::1 - - [06/Oct/2025:09:39:31 +0000] \"POST /api/auth/sign-in HTTP/1.1\" 500 1160 \"-\" \"PostmanRuntime/7.48.0\"","service":"acquisitions-api"}
{"level":"info","message":"User abuchipraise@gmail.com authenticated successfully","service":"acquisitions-api"}
{"level":"info","message":"User signed in successfully, abuchipraise@gmail.com","service":"acquisitions-api"}
{"level":"info","message":"::1 - - [06/Oct/2025:09:39:53 +0000] \"POST /api/auth/sign-in HTTP/1.1\" 200 129 \"-\" \"PostmanRuntime/7.48.0\"","service":"acquisitions-api"}
{"level":"info","message":"User john@example.com created successfully","service":"acquisitions-api"}
{"level":"info","message":"User registered succesfully, john@example.com","service":"acquisitions-api"}
{"level":"info","message":"::1 - - [06/Oct/2025:09:40:39 +0000] \"POST /api/auth/sign-up HTTP/1.1\" 201 104 \"-\" \"PostmanRuntime/7.48.0\"","service":"acquisitions-api"}
{"level":"info","message":"User john@example.com authenticated successfully","service":"acquisitions-api"}
{"level":"info","message":"User signed in successfully, john@example.com","service":"acquisitions-api"}
{"level":"info","message":"::1 - - [06/Oct/2025:09:40:53 +0000] \"POST /api/auth/sign-in HTTP/1.1\" 200 116 \"-\" \"PostmanRuntime/7.48.0\"","service":"acquisitions-api"}
{"level":"info","message":"User signed out successfully","service":"acquisitions-api"}
{"level":"info","message":"::1 - - [06/Oct/2025:09:41:08 +0000] \"POST /api/auth/sign-out HTTP/1.1\" 200 42 \"-\" \"PostmanRuntime/7.48.0\"","service":"acquisitions-api"}
{"ip":"::1","level":"warn","message":"Bot request blocked","path":"/health","service":"acquisitions-api","userAgent":"PostmanRuntime/7.48.0"}
{"level":"info","message":"::1 - - [06/Oct/2025:10:49:42 +0000] \"POST /health HTTP/1.1\" 403 68 \"-\" \"PostmanRuntime/7.48.0\"","service":"acquisitions-api"}
{"ip":"::1","level":"warn","message":"Bot request blocked","path":"/health","service":"acquisitions-api","userAgent":"PostmanRuntime/7.48.0"}
{"level":"info","message":"::1 - - [06/Oct/2025:10:50:12 +0000] \"POST /health HTTP/1.1\" 403 68 \"-\" \"PostmanRuntime/7.48.0\"","service":"acquisitions-api"}
{"ip":"::1","level":"warn","message":"Bot request blocked","path":"/health","service":"acquisitions-api","userAgent":"PostmanRuntime/7.48.0"}
{"level":"info","message":"::1 - - [06/Oct/2025:10:50:20 +0000] \"GET /health HTTP/1.1\" 403 68 \"-\" \"PostmanRuntime/7.48.0\"","service":"acquisitions-api"}
{"ip":"::1","level":"warn","message":"Bot request blocked","path":"/health","service":"acquisitions-api","userAgent":"PostmanRuntime/7.48.0"}
{"level":"info","message":"::1 - - [06/Oct/2025:10:50:28 +0000] \"GET /health HTTP/1.1\" 403 68 \"-\" \"PostmanRuntime/7.48.0\"","service":"acquisitions-api"}
{"ip":"::1","level":"warn","message":"Bot request blocked","path":"/health","service":"acquisitions-api","userAgent":"PostmanRuntime/7.48.0"}
{"level":"info","message":"::1 - - [06/Oct/2025:10:50:31 +0000] \"GET /health HTTP/1.1\" 403 68 \"-\" \"PostmanRuntime/7.48.0\"","service":"acquisitions-api"}
{"ip":"::1","level":"warn","message":"Bot request blocked","path":"/health","service":"acquisitions-api","userAgent":"PostmanRuntime/7.48.0"}
{"level":"info","message":"::1 - - [06/Oct/2025:10:50:33 +0000] \"GET /health HTTP/1.1\" 403 68 \"-\" \"PostmanRuntime/7.48.0\"","service":"acquisitions-api"}
{"level":"info","message":"Hello from Acquisitions!","service":"acquisitions-api"}
{"level":"info","message":"::1 - - [06/Oct/2025:10:52:25 +0000] \"GET / HTTP/1.1\" 304 - \"-\" \"Mozilla/5.0 (Windows NT 10.0; Win64; x64) AppleWebKit/537.36 (KHTML, like Gecko) Chrome/140.0.0.0 Safari/537.36\"","service":"acquisitions-api"}
{"ip":"::1","level":"warn","message":"Bot request blocked","path":"/health","service":"acquisitions-api","userAgent":"PostmanRuntime/7.48.0"}
{"level":"info","message":"::1 - - [06/Oct/2025:10:52:32 +0000] \"GET /health HTTP/1.1\" 403 68 \"-\" \"PostmanRuntime/7.48.0\"","service":"acquisitions-api"}
{"level":"info","message":"::1 - - [06/Oct/2025:10:52:44 +0000] \"GET /health HTTP/1.1\" 200 73 \"-\" \"PostmanRuntime/7.48.0\"","service":"acquisitions-api"}
{"ip":"::1","level":"warn","message":"Bot request blocked","path":"/health","service":"acquisitions-api","userAgent":"PostmanRuntime/7.48.0"}
{"level":"info","message":"::1 - - [06/Oct/2025:10:52:56 +0000] \"GET /health HTTP/1.1\" 403 68 \"-\" \"PostmanRuntime/7.48.0\"","service":"acquisitions-api"}
{"ip":"::1","level":"warn","message":"Bot request blocked","path":"/health","service":"acquisitions-api","userAgent":"PostmanRuntime/7.48.0"}
{"level":"info","message":"::1 - - [06/Oct/2025:10:54:36 +0000] \"GET /health HTTP/1.1\" 403 68 \"-\" \"PostmanRuntime/7.48.0\"","service":"acquisitions-api"}
{"ip":"::1","level":"warn","message":"Bot request blocked","path":"/health","service":"acquisitions-api","userAgent":"PostmanRuntime/7.48.0"}
{"level":"info","message":"::1 - - [06/Oct/2025:10:54:43 +0000] \"GET /health HTTP/1.1\" 403 68 \"-\" \"PostmanRuntime/7.48.0\"","service":"acquisitions-api"}
{"ip":"::1","level":"warn","message":"Bot request blocked","path":"/health","service":"acquisitions-api","userAgent":"Mozilla/5.0 (Windows NT 10.0; Win64; x64) AppleWebKit/537.36 (KHTML, like Gecko) Chrome/140.0.0.0 Safari/537.36"}
{"level":"info","message":"::1 - - [06/Oct/2025:10:54:51 +0000] \"GET /health HTTP/1.1\" 403 68 \"-\" \"Mozilla/5.0 (Windows NT 10.0; Win64; x64) AppleWebKit/537.36 (KHTML, like Gecko) Chrome/140.0.0.0 Safari/537.36\"","service":"acquisitions-api"}
{"ip":"::1","level":"warn","message":"Bot request blocked","path":"/","service":"acquisitions-api","userAgent":"Mozilla/5.0 (Windows NT 10.0; Win64; x64) AppleWebKit/537.36 (KHTML, like Gecko) Chrome/140.0.0.0 Safari/537.36"}
{"level":"info","message":"::1 - - [06/Oct/2025:10:54:56 +0000] \"GET / HTTP/1.1\" 403 68 \"-\" \"Mozilla/5.0 (Windows NT 10.0; Win64; x64) AppleWebKit/537.36 (KHTML, like Gecko) Chrome/140.0.0.0 Safari/537.36\"","service":"acquisitions-api"}
{"ip":"::1","level":"warn","message":"Bot request blocked","path":"/","service":"acquisitions-api","userAgent":"Mozilla/5.0 (Windows NT 10.0; Win64; x64) AppleWebKit/537.36 (KHTML, like Gecko) Chrome/140.0.0.0 Safari/537.36"}
{"level":"info","message":"::1 - - [06/Oct/2025:10:54:57 +0000] \"GET / HTTP/1.1\" 403 68 \"-\" \"Mozilla/5.0 (Windows NT 10.0; Win64; x64) AppleWebKit/537.36 (KHTML, like Gecko) Chrome/140.0.0.0 Safari/537.36\"","service":"acquisitions-api"}
{"ip":"::1","level":"warn","message":"Bot request blocked","path":"/","service":"acquisitions-api","userAgent":"Mozilla/5.0 (Windows NT 10.0; Win64; x64) AppleWebKit/537.36 (KHTML, like Gecko) Chrome/140.0.0.0 Safari/537.36"}
{"level":"info","message":"::1 - - [06/Oct/2025:10:54:59 +0000] \"GET / HTTP/1.1\" 403 68 \"-\" \"Mozilla/5.0 (Windows NT 10.0; Win64; x64) AppleWebKit/537.36 (KHTML, like Gecko) Chrome/140.0.0.0 Safari/537.36\"","service":"acquisitions-api"}
{"ip":"::1","level":"warn","message":"Bot request blocked","path":"/","service":"acquisitions-api","userAgent":"Mozilla/5.0 (Windows NT 10.0; Win64; x64) AppleWebKit/537.36 (KHTML, like Gecko) Chrome/140.0.0.0 Safari/537.36"}
{"level":"info","message":"::1 - - [06/Oct/2025:10:55:01 +0000] \"GET / HTTP/1.1\" 403 68 \"-\" \"Mozilla/5.0 (Windows NT 10.0; Win64; x64) AppleWebKit/537.36 (KHTML, like Gecko) Chrome/140.0.0.0 Safari/537.36\"","service":"acquisitions-api"}
{"ip":"::1","level":"warn","message":"Bot request blocked","path":"/health","service":"acquisitions-api","userAgent":"PostmanRuntime/7.48.0"}
{"level":"info","message":"::1 - - [06/Oct/2025:10:56:07 +0000] \"GET /health HTTP/1.1\" 403 68 \"-\" \"PostmanRuntime/7.48.0\"","service":"acquisitions-api"}
{"level":"info","message":"::1 - - [06/Oct/2025:10:56:30 +0000] \"GET /health HTTP/1.1\" 200 73 \"-\" \"PostmanRuntime/7.48.0\"","service":"acquisitions-api"}
{"level":"info","message":"::1 - - [06/Oct/2025:10:56:32 +0000] \"GET /health HTTP/1.1\" 200 73 \"-\" \"PostmanRuntime/7.48.0\"","service":"acquisitions-api"}
{"level":"info","message":"::1 - - [06/Oct/2025:10:56:33 +0000] \"GET /health HTTP/1.1\" 200 73 \"-\" \"PostmanRuntime/7.48.0\"","service":"acquisitions-api"}
{"level":"info","message":"::1 - - [06/Oct/2025:10:56:35 +0000] \"GET /health HTTP/1.1\" 200 73 \"-\" \"PostmanRuntime/7.48.0\"","service":"acquisitions-api"}
{"level":"info","message":"::1 - - [06/Oct/2025:10:56:36 +0000] \"GET /health HTTP/1.1\" 200 74 \"-\" \"PostmanRuntime/7.48.0\"","service":"acquisitions-api"}
{"level":"info","message":"::1 - - [06/Oct/2025:10:56:37 +0000] \"GET /health HTTP/1.1\" 200 74 \"-\" \"PostmanRuntime/7.48.0\"","service":"acquisitions-api"}
{"level":"info","message":"::1 - - [06/Oct/2025:10:56:38 +0000] \"GET /health HTTP/1.1\" 200 74 \"-\" \"PostmanRuntime/7.48.0\"","service":"acquisitions-api"}
{"level":"info","message":"::1 - - [06/Oct/2025:10:56:39 +0000] \"GET /health HTTP/1.1\" 200 74 \"-\" \"PostmanRuntime/7.48.0\"","service":"acquisitions-api"}
{"level":"info","message":"::1 - - [06/Oct/2025:10:56:40 +0000] \"GET /health HTTP/1.1\" 200 74 \"-\" \"PostmanRuntime/7.48.0\"","service":"acquisitions-api"}
{"level":"info","message":"::1 - - [06/Oct/2025:10:56:41 +0000] \"GET /health HTTP/1.1\" 200 74 \"-\" \"PostmanRuntime/7.48.0\"","service":"acquisitions-api"}
{"level":"info","message":"::1 - - [06/Oct/2025:10:56:42 +0000] \"GET /health HTTP/1.1\" 200 74 \"-\" \"PostmanRuntime/7.48.0\"","service":"acquisitions-api"}
{"level":"info","message":"::1 - - [06/Oct/2025:10:56:43 +0000] \"GET /health HTTP/1.1\" 200 74 \"-\" \"PostmanRuntime/7.48.0\"","service":"acquisitions-api"}
{"level":"info","message":"::1 - - [06/Oct/2025:10:56:44 +0000] \"GET /health HTTP/1.1\" 200 73 \"-\" \"PostmanRuntime/7.48.0\"","service":"acquisitions-api"}
{"level":"info","message":"::1 - - [06/Oct/2025:10:56:45 +0000] \"GET /health HTTP/1.1\" 200 74 \"-\" \"PostmanRuntime/7.48.0\"","service":"acquisitions-api"}
{"level":"info","message":"::1 - - [06/Oct/2025:10:56:46 +0000] \"GET /health HTTP/1.1\" 200 73 \"-\" \"PostmanRuntime/7.48.0\"","service":"acquisitions-api"}
{"level":"info","message":"::1 - - [06/Oct/2025:10:56:47 +0000] \"GET /health HTTP/1.1\" 200 74 \"-\" \"PostmanRuntime/7.48.0\"","service":"acquisitions-api"}
{"level":"info","message":"::1 - - [06/Oct/2025:10:56:48 +0000] \"GET /health HTTP/1.1\" 200 73 \"-\" \"PostmanRuntime/7.48.0\"","service":"acquisitions-api"}
{"level":"info","message":"::1 - - [06/Oct/2025:10:56:49 +0000] \"GET /health HTTP/1.1\" 200 73 \"-\" \"PostmanRuntime/7.48.0\"","service":"acquisitions-api"}
{"level":"info","message":"::1 - - [06/Oct/2025:10:56:49 +0000] \"GET /health HTTP/1.1\" 200 74 \"-\" \"PostmanRuntime/7.48.0\"","service":"acquisitions-api"}
{"level":"info","message":"::1 - - [06/Oct/2025:10:56:50 +0000] \"GET /health HTTP/1.1\" 200 74 \"-\" \"PostmanRuntime/7.48.0\"","service":"acquisitions-api"}
{"level":"info","message":"::1 - - [06/Oct/2025:10:56:51 +0000] \"GET /health HTTP/1.1\" 200 73 \"-\" \"PostmanRuntime/7.48.0\"","service":"acquisitions-api"}
{"level":"info","message":"::1 - - [06/Oct/2025:10:56:52 +0000] \"GET /health HTTP/1.1\" 200 74 \"-\" \"PostmanRuntime/7.48.0\"","service":"acquisitions-api"}
{"level":"info","message":"::1 - - [06/Oct/2025:10:56:53 +0000] \"GET /health HTTP/1.1\" 200 74 \"-\" \"PostmanRuntime/7.48.0\"","service":"acquisitions-api"}
{"level":"info","message":"::1 - - [06/Oct/2025:10:56:54 +0000] \"GET /health HTTP/1.1\" 200 74 \"-\" \"PostmanRuntime/7.48.0\"","service":"acquisitions-api"}
{"level":"info","message":"::1 - - [06/Oct/2025:10:56:55 +0000] \"GET /health HTTP/1.1\" 200 74 \"-\" \"PostmanRuntime/7.48.0\"","service":"acquisitions-api"}
{"level":"info","message":"::1 - - [06/Oct/2025:10:56:56 +0000] \"GET /health HTTP/1.1\" 200 74 \"-\" \"PostmanRuntime/7.48.0\"","service":"acquisitions-api"}
{"level":"info","message":"::1 - - [06/Oct/2025:10:56:57 +0000] \"GET /health HTTP/1.1\" 200 74 \"-\" \"PostmanRuntime/7.48.0\"","service":"acquisitions-api"}
{"level":"info","message":"::1 - - [06/Oct/2025:10:56:58 +0000] \"GET /health HTTP/1.1\" 200 74 \"-\" \"PostmanRuntime/7.48.0\"","service":"acquisitions-api"}
{"level":"info","message":"::1 - - [06/Oct/2025:10:56:58 +0000] \"GET /health HTTP/1.1\" 200 74 \"-\" \"PostmanRuntime/7.48.0\"","service":"acquisitions-api"}
{"level":"info","message":"::1 - - [06/Oct/2025:10:56:59 +0000] \"GET /health HTTP/1.1\" 200 74 \"-\" \"PostmanRuntime/7.48.0\"","service":"acquisitions-api"}
{"level":"info","message":"::1 - - [06/Oct/2025:10:57:00 +0000] \"GET /health HTTP/1.1\" 200 74 \"-\" \"PostmanRuntime/7.48.0\"","service":"acquisitions-api"}
{"level":"info","message":"::1 - - [06/Oct/2025:10:57:01 +0000] \"GET /health HTTP/1.1\" 200 74 \"-\" \"PostmanRuntime/7.48.0\"","service":"acquisitions-api"}
{"level":"info","message":"::1 - - [06/Oct/2025:10:57:02 +0000] \"GET /health HTTP/1.1\" 200 74 \"-\" \"PostmanRuntime/7.48.0\"","service":"acquisitions-api"}
{"level":"info","message":"::1 - - [06/Oct/2025:10:57:03 +0000] \"GET /health HTTP/1.1\" 200 74 \"-\" \"PostmanRuntime/7.48.0\"","service":"acquisitions-api"}
{"level":"info","message":"::1 - - [06/Oct/2025:10:57:04 +0000] \"GET /health HTTP/1.1\" 200 74 \"-\" \"PostmanRuntime/7.48.0\"","service":"acquisitions-api"}
{"level":"info","message":"::1 - - [06/Oct/2025:10:57:05 +0000] \"GET /health HTTP/1.1\" 200 74 \"-\" \"PostmanRuntime/7.48.0\"","service":"acquisitions-api"}
{"level":"info","message":"::1 - - [06/Oct/2025:10:57:05 +0000] \"GET /health HTTP/1.1\" 200 74 \"-\" \"PostmanRuntime/7.48.0\"","service":"acquisitions-api"}
{"level":"info","message":"::1 - - [06/Oct/2025:10:57:06 +0000] \"GET /health HTTP/1.1\" 200 74 \"-\" \"PostmanRuntime/7.48.0\"","service":"acquisitions-api"}
{"level":"info","message":"::1 - - [06/Oct/2025:10:57:07 +0000] \"GET /health HTTP/1.1\" 200 74 \"-\" \"PostmanRuntime/7.48.0\"","service":"acquisitions-api"}
{"level":"info","message":"::1 - - [06/Oct/2025:10:57:08 +0000] \"GET /health HTTP/1.1\" 200 74 \"-\" \"PostmanRuntime/7.48.0\"","service":"acquisitions-api"}
{"level":"info","message":"::1 - - [06/Oct/2025:10:57:09 +0000] \"GET /health HTTP/1.1\" 200 73 \"-\" \"PostmanRuntime/7.48.0\"","service":"acquisitions-api"}
{"level":"info","message":"::1 - - [06/Oct/2025:10:57:10 +0000] \"GET /health HTTP/1.1\" 200 74 \"-\" \"PostmanRuntime/7.48.0\"","service":"acquisitions-api"}
{"level":"info","message":"::1 - - [06/Oct/2025:10:57:10 +0000] \"GET /health HTTP/1.1\" 200 74 \"-\" \"PostmanRuntime/7.48.0\"","service":"acquisitions-api"}
{"level":"info","message":"::1 - - [06/Oct/2025:10:57:11 +0000] \"GET /health HTTP/1.1\" 200 73 \"-\" \"PostmanRuntime/7.48.0\"","service":"acquisitions-api"}
{"level":"info","message":"::1 - - [06/Oct/2025:10:57:13 +0000] \"GET /health HTTP/1.1\" 200 74 \"-\" \"PostmanRuntime/7.48.0\"","service":"acquisitions-api"}
{"level":"info","message":"::1 - - [06/Oct/2025:10:57:18 +0000] \"GET /health HTTP/1.1\" 200 74 \"-\" \"PostmanRuntime/7.48.0\"","service":"acquisitions-api"}
{"level":"info","message":"::1 - - [06/Oct/2025:10:57:18 +0000] \"GET /health HTTP/1.1\" 200 74 \"-\" \"PostmanRuntime/7.48.0\"","service":"acquisitions-api"}
{"level":"info","message":"::1 - - [06/Oct/2025:10:57:19 +0000] \"GET /health HTTP/1.1\" 200 74 \"-\" \"PostmanRuntime/7.48.0\"","service":"acquisitions-api"}
{"level":"info","message":"::1 - - [06/Oct/2025:10:57:20 +0000] \"GET /health HTTP/1.1\" 200 74 \"-\" \"PostmanRuntime/7.48.0\"","service":"acquisitions-api"}
{"level":"info","message":"Hello from Acquisitions!","service":"acquisitions-api"}
{"level":"info","message":"::1 - - [06/Oct/2025:10:57:51 +0000] \"GET / HTTP/1.1\" 200 28 \"-\" \"Mozilla/5.0 (Windows NT 10.0; Win64; x64) AppleWebKit/537.36 (KHTML, like Gecko) Chrome/140.0.0.0 Safari/537.36\"","service":"acquisitions-api"}
{"level":"info","message":"::1 - - [06/Oct/2025:10:57:56 +0000] \"GET /health HTTP/1.1\" 200 74 \"-\" \"Mozilla/5.0 (Windows NT 10.0; Win64; x64) AppleWebKit/537.36 (KHTML, like Gecko) Chrome/140.0.0.0 Safari/537.36\"","service":"acquisitions-api"}
{"level":"info","message":"::1 - - [06/Oct/2025:10:58:00 +0000] \"GET /health HTTP/1.1\" 200 74 \"-\" \"Mozilla/5.0 (Windows NT 10.0; Win64; x64) AppleWebKit/537.36 (KHTML, like Gecko) Chrome/140.0.0.0 Safari/537.36\"","service":"acquisitions-api"}
{"level":"info","message":"::1 - - [06/Oct/2025:10:58:00 +0000] \"GET /health HTTP/1.1\" 200 74 \"-\" \"Mozilla/5.0 (Windows NT 10.0; Win64; x64) AppleWebKit/537.36 (KHTML, like Gecko) Chrome/140.0.0.0 Safari/537.36\"","service":"acquisitions-api"}
{"level":"info","message":"::1 - - [06/Oct/2025:10:58:00 +0000] \"GET /health HTTP/1.1\" 200 74 \"-\" \"Mozilla/5.0 (Windows NT 10.0; Win64; x64) AppleWebKit/537.36 (KHTML, like Gecko) Chrome/140.0.0.0 Safari/537.36\"","service":"acquisitions-api"}
{"level":"info","message":"::1 - - [06/Oct/2025:10:58:01 +0000] \"GET /health HTTP/1.1\" 200 74 \"-\" \"Mozilla/5.0 (Windows NT 10.0; Win64; x64) AppleWebKit/537.36 (KHTML, like Gecko) Chrome/140.0.0.0 Safari/537.36\"","service":"acquisitions-api"}
{"ip":"::1","level":"warn","message":"Rate limit exceeded","path":"/health","service":"acquisitions-api","userAgent":"Mozilla/5.0 (Windows NT 10.0; Win64; x64) AppleWebKit/537.36 (KHTML, like Gecko) Chrome/140.0.0.0 Safari/537.36"}
{"level":"info","message":"::1 - - [06/Oct/2025:10:58:01 +0000] \"GET /health HTTP/1.1\" 403 51 \"-\" \"Mozilla/5.0 (Windows NT 10.0; Win64; x64) AppleWebKit/537.36 (KHTML, like Gecko) Chrome/140.0.0.0 Safari/537.36\"","service":"acquisitions-api"}
{"ip":"::1","level":"warn","message":"Rate limit exceeded","path":"/health","service":"acquisitions-api","userAgent":"Mozilla/5.0 (Windows NT 10.0; Win64; x64) AppleWebKit/537.36 (KHTML, like Gecko) Chrome/140.0.0.0 Safari/537.36"}
{"level":"info","message":"::1 - - [06/Oct/2025:10:58:01 +0000] \"GET /health HTTP/1.1\" 403 51 \"-\" \"Mozilla/5.0 (Windows NT 10.0; Win64; x64) AppleWebKit/537.36 (KHTML, like Gecko) Chrome/140.0.0.0 Safari/537.36\"","service":"acquisitions-api"}
{"ip":"::1","level":"warn","message":"Rate limit exceeded","path":"/health","service":"acquisitions-api","userAgent":"Mozilla/5.0 (Windows NT 10.0; Win64; x64) AppleWebKit/537.36 (KHTML, like Gecko) Chrome/140.0.0.0 Safari/537.36"}
{"level":"info","message":"::1 - - [06/Oct/2025:10:58:02 +0000] \"GET /health HTTP/1.1\" 403 51 \"-\" \"Mozilla/5.0 (Windows NT 10.0; Win64; x64) AppleWebKit/537.36 (KHTML, like Gecko) Chrome/140.0.0.0 Safari/537.36\"","service":"acquisitions-api"}
{"ip":"::1","level":"warn","message":"Rate limit exceeded","path":"/health","service":"acquisitions-api","userAgent":"Mozilla/5.0 (Windows NT 10.0; Win64; x64) AppleWebKit/537.36 (KHTML, like Gecko) Chrome/140.0.0.0 Safari/537.36"}
{"level":"info","message":"::1 - - [06/Oct/2025:10:58:02 +0000] \"GET /health HTTP/1.1\" 403 51 \"-\" \"Mozilla/5.0 (Windows NT 10.0; Win64; x64) AppleWebKit/537.36 (KHTML, like Gecko) Chrome/140.0.0.0 Safari/537.36\"","service":"acquisitions-api"}
{"level":"info","message":"Hello from Acquisitions!","service":"acquisitions-api"}
{"level":"info","message":"::1 - - [06/Oct/2025:12:19:33 +0000] \"GET / HTTP/1.1\" 304 - \"-\" \"Mozilla/5.0 (Windows NT 10.0; Win64; x64) AppleWebKit/537.36 (KHTML, like Gecko) Chrome/140.0.0.0 Safari/537.36\"","service":"acquisitions-api"}
{"level":"info","message":"::1 - - [06/Oct/2025:12:19:37 +0000] \"GET /health HTTP/1.1\" 200 74 \"-\" \"Mozilla/5.0 (Windows NT 10.0; Win64; x64) AppleWebKit/537.36 (KHTML, like Gecko) Chrome/140.0.0.0 Safari/537.36\"","service":"acquisitions-api"}
{"level":"info","message":"Hello from Acquisitions!","service":"acquisitions-api"}
{"level":"info","message":"::1 - - [06/Oct/2025:12:19:39 +0000] \"GET / HTTP/1.1\" 304 - \"-\" \"Mozilla/5.0 (Windows NT 10.0; Win64; x64) AppleWebKit/537.36 (KHTML, like Gecko) Chrome/140.0.0.0 Safari/537.36\"","service":"acquisitions-api"}
{"level":"info","message":"::1 - - [06/Oct/2025:12:19:43 +0000] \"GET /health HTTP/1.1\" 200 74 \"-\" \"PostmanRuntime/7.48.0\"","service":"acquisitions-api"}
{"cause":{"name":"NeonDbError","sourceError":{}},"level":"error","message":"Error creating user: Failed query: select \"id\", \"name\", \"email\", \"password\", \"role\", \"created_at\", \"updated_at\" from \"users\" where \"users\".\"email\" = $1 limit $2\nparams: marvel@gmail.com,1","params":["marvel@gmail.com",1],"query":"select \"id\", \"name\", \"email\", \"password\", \"role\", \"created_at\", \"updated_at\" from \"users\" where \"users\".\"email\" = $1 limit $2","service":"acquisitions-api","stack":"Error: Failed query: select \"id\", \"name\", \"email\", \"password\", \"role\", \"created_at\", \"updated_at\" from \"users\" where \"users\".\"email\" = $1 limit $2\nparams: marvel@gmail.com,1\n    at NeonHttpPreparedQuery.queryWithCache (file:///C:/Users/Dell/Documents/Programming/JS%20Mastery/acquisitions/node_modules/drizzle-orm/pg-core/session.js:41:15)\n    at process.processTicksAndRejections (node:internal/process/task_queues:105:5)\n    at async NeonHttpPreparedQuery.execute (file:///C:/Users/Dell/Documents/Programming/JS%20Mastery/acquisitions/node_modules/drizzle-orm/neon-http/session.js:45:20)\n    at async createUser (file:///C:/Users/Dell/Documents/Programming/JS%20Mastery/acquisitions/src/services/auth.service.js:55:26)\n    at async signUp (file:///C:/Users/Dell/Documents/Programming/JS%20Mastery/acquisitions/src/controllers/auth.controller.js:21:18)"}
{"cause":{"name":"NeonDbError","sourceError":{}},"level":"error","message":"signup error Failed query: select \"id\", \"name\", \"email\", \"password\", \"role\", \"created_at\", \"updated_at\" from \"users\" where \"users\".\"email\" = $1 limit $2\nparams: marvel@gmail.com,1","params":["marvel@gmail.com",1],"query":"select \"id\", \"name\", \"email\", \"password\", \"role\", \"created_at\", \"updated_at\" from \"users\" where \"users\".\"email\" = $1 limit $2","service":"acquisitions-api","stack":"Error: Failed query: select \"id\", \"name\", \"email\", \"password\", \"role\", \"created_at\", \"updated_at\" from \"users\" where \"users\".\"email\" = $1 limit $2\nparams: marvel@gmail.com,1\n    at NeonHttpPreparedQuery.queryWithCache (file:///C:/Users/Dell/Documents/Programming/JS%20Mastery/acquisitions/node_modules/drizzle-orm/pg-core/session.js:41:15)\n    at process.processTicksAndRejections (node:internal/process/task_queues:105:5)\n    at async NeonHttpPreparedQuery.execute (file:///C:/Users/Dell/Documents/Programming/JS%20Mastery/acquisitions/node_modules/drizzle-orm/neon-http/session.js:45:20)\n    at async createUser (file:///C:/Users/Dell/Documents/Programming/JS%20Mastery/acquisitions/src/services/auth.service.js:55:26)\n    at async signUp (file:///C:/Users/Dell/Documents/Programming/JS%20Mastery/acquisitions/src/controllers/auth.controller.js:21:18)"}
{"level":"info","message":"::1 - - [06/Oct/2025:12:21:13 +0000] \"POST /api/auth/sign-up HTTP/1.1\" 500 1148 \"-\" \"PostmanRuntime/7.48.0\"","service":"acquisitions-api"}
{"cause":{"name":"NeonDbError","sourceError":{}},"level":"error","message":"Error creating user: Failed query: select \"id\", \"name\", \"email\", \"password\", \"role\", \"created_at\", \"updated_at\" from \"users\" where \"users\".\"email\" = $1 limit $2\nparams: marvel@gmail.com,1","params":["marvel@gmail.com",1],"query":"select \"id\", \"name\", \"email\", \"password\", \"role\", \"created_at\", \"updated_at\" from \"users\" where \"users\".\"email\" = $1 limit $2","service":"acquisitions-api","stack":"Error: Failed query: select \"id\", \"name\", \"email\", \"password\", \"role\", \"created_at\", \"updated_at\" from \"users\" where \"users\".\"email\" = $1 limit $2\nparams: marvel@gmail.com,1\n    at NeonHttpPreparedQuery.queryWithCache (file:///C:/Users/Dell/Documents/Programming/JS%20Mastery/acquisitions/node_modules/drizzle-orm/pg-core/session.js:41:15)\n    at process.processTicksAndRejections (node:internal/process/task_queues:105:5)\n    at async NeonHttpPreparedQuery.execute (file:///C:/Users/Dell/Documents/Programming/JS%20Mastery/acquisitions/node_modules/drizzle-orm/neon-http/session.js:45:20)\n    at async createUser (file:///C:/Users/Dell/Documents/Programming/JS%20Mastery/acquisitions/src/services/auth.service.js:55:26)\n    at async signUp (file:///C:/Users/Dell/Documents/Programming/JS%20Mastery/acquisitions/src/controllers/auth.controller.js:21:18)"}
{"cause":{"name":"NeonDbError","sourceError":{}},"level":"error","message":"signup error Failed query: select \"id\", \"name\", \"email\", \"password\", \"role\", \"created_at\", \"updated_at\" from \"users\" where \"users\".\"email\" = $1 limit $2\nparams: marvel@gmail.com,1","params":["marvel@gmail.com",1],"query":"select \"id\", \"name\", \"email\", \"password\", \"role\", \"created_at\", \"updated_at\" from \"users\" where \"users\".\"email\" = $1 limit $2","service":"acquisitions-api","stack":"Error: Failed query: select \"id\", \"name\", \"email\", \"password\", \"role\", \"created_at\", \"updated_at\" from \"users\" where \"users\".\"email\" = $1 limit $2\nparams: marvel@gmail.com,1\n    at NeonHttpPreparedQuery.queryWithCache (file:///C:/Users/Dell/Documents/Programming/JS%20Mastery/acquisitions/node_modules/drizzle-orm/pg-core/session.js:41:15)\n    at process.processTicksAndRejections (node:internal/process/task_queues:105:5)\n    at async NeonHttpPreparedQuery.execute (file:///C:/Users/Dell/Documents/Programming/JS%20Mastery/acquisitions/node_modules/drizzle-orm/neon-http/session.js:45:20)\n    at async createUser (file:///C:/Users/Dell/Documents/Programming/JS%20Mastery/acquisitions/src/services/auth.service.js:55:26)\n    at async signUp (file:///C:/Users/Dell/Documents/Programming/JS%20Mastery/acquisitions/src/controllers/auth.controller.js:21:18)"}
{"level":"info","message":"::1 - - [06/Oct/2025:12:23:40 +0000] \"POST /api/auth/sign-up HTTP/1.1\" 500 1148 \"-\" \"PostmanRuntime/7.48.0\"","service":"acquisitions-api"}
{"cause":{"name":"NeonDbError","sourceError":{}},"level":"error","message":"Error creating user: Failed query: select \"id\", \"name\", \"email\", \"password\", \"role\", \"created_at\", \"updated_at\" from \"users\" where \"users\".\"email\" = $1 limit $2\nparams: marvel@gmail.com,1","params":["marvel@gmail.com",1],"query":"select \"id\", \"name\", \"email\", \"password\", \"role\", \"created_at\", \"updated_at\" from \"users\" where \"users\".\"email\" = $1 limit $2","service":"acquisitions-api","stack":"Error: Failed query: select \"id\", \"name\", \"email\", \"password\", \"role\", \"created_at\", \"updated_at\" from \"users\" where \"users\".\"email\" = $1 limit $2\nparams: marvel@gmail.com,1\n    at NeonHttpPreparedQuery.queryWithCache (file:///C:/Users/Dell/Documents/Programming/JS%20Mastery/acquisitions/node_modules/drizzle-orm/pg-core/session.js:41:15)\n    at process.processTicksAndRejections (node:internal/process/task_queues:105:5)\n    at async NeonHttpPreparedQuery.execute (file:///C:/Users/Dell/Documents/Programming/JS%20Mastery/acquisitions/node_modules/drizzle-orm/neon-http/session.js:45:20)\n    at async createUser (file:///C:/Users/Dell/Documents/Programming/JS%20Mastery/acquisitions/src/services/auth.service.js:55:26)\n    at async signUp (file:///C:/Users/Dell/Documents/Programming/JS%20Mastery/acquisitions/src/controllers/auth.controller.js:21:18)"}
{"cause":{"name":"NeonDbError","sourceError":{}},"level":"error","message":"signup error Failed query: select \"id\", \"name\", \"email\", \"password\", \"role\", \"created_at\", \"updated_at\" from \"users\" where \"users\".\"email\" = $1 limit $2\nparams: marvel@gmail.com,1","params":["marvel@gmail.com",1],"query":"select \"id\", \"name\", \"email\", \"password\", \"role\", \"created_at\", \"updated_at\" from \"users\" where \"users\".\"email\" = $1 limit $2","service":"acquisitions-api","stack":"Error: Failed query: select \"id\", \"name\", \"email\", \"password\", \"role\", \"created_at\", \"updated_at\" from \"users\" where \"users\".\"email\" = $1 limit $2\nparams: marvel@gmail.com,1\n    at NeonHttpPreparedQuery.queryWithCache (file:///C:/Users/Dell/Documents/Programming/JS%20Mastery/acquisitions/node_modules/drizzle-orm/pg-core/session.js:41:15)\n    at process.processTicksAndRejections (node:internal/process/task_queues:105:5)\n    at async NeonHttpPreparedQuery.execute (file:///C:/Users/Dell/Documents/Programming/JS%20Mastery/acquisitions/node_modules/drizzle-orm/neon-http/session.js:45:20)\n    at async createUser (file:///C:/Users/Dell/Documents/Programming/JS%20Mastery/acquisitions/src/services/auth.service.js:55:26)\n    at async signUp (file:///C:/Users/Dell/Documents/Programming/JS%20Mastery/acquisitions/src/controllers/auth.controller.js:21:18)"}
{"level":"info","message":"::1 - - [06/Oct/2025:12:23:58 +0000] \"POST /api/auth/sign-up HTTP/1.1\" 500 1148 \"-\" \"PostmanRuntime/7.48.0\"","service":"acquisitions-api"}
{"level":"info","message":"::ffff:127.0.0.1 - - [08/Oct/2025:10:10:54 +0000] \"GET /health HTTP/1.1\" 200 73 \"-\" \"-\"","service":"acquisitions-api"}
{"level":"info","message":"::ffff:127.0.0.1 - - [08/Oct/2025:10:10:54 +0000] \"GET /api HTTP/1.1\" 200 42 \"-\" \"-\"","service":"acquisitions-api"}
{"level":"info","message":"::ffff:127.0.0.1 - - [08/Oct/2025:10:10:54 +0000] \"GET /nonexsistent HTTP/1.1\" 404 27 \"-\" \"-\"","service":"acquisitions-api"}
{"level":"info","message":"::ffff:127.0.0.1 - - [08/Oct/2025:10:12:06 +0000] \"GET /health HTTP/1.1\" 200 73 \"-\" \"-\"","service":"acquisitions-api"}
{"level":"info","message":"::ffff:127.0.0.1 - - [08/Oct/2025:10:12:07 +0000] \"GET /api HTTP/1.1\" 200 42 \"-\" \"-\"","service":"acquisitions-api"}
{"level":"info","message":"::ffff:127.0.0.1 - - [08/Oct/2025:10:12:07 +0000] \"GET /nonexsistent HTTP/1.1\" 404 27 \"-\" \"-\"","service":"acquisitions-api"}
{"level":"info","message":"::ffff:127.0.0.1 - - [08/Oct/2025:10:15:10 +0000] \"GET /health HTTP/1.1\" 200 73 \"-\" \"-\"","service":"acquisitions-api"}
{"level":"info","message":"::ffff:127.0.0.1 - - [08/Oct/2025:10:15:11 +0000] \"GET /api HTTP/1.1\" 200 42 \"-\" \"-\"","service":"acquisitions-api"}
{"level":"info","message":"::ffff:127.0.0.1 - - [08/Oct/2025:10:15:11 +0000] \"GET /nonexsistent HTTP/1.1\" 404 27 \"-\" \"-\"","service":"acquisitions-api"}
